#
# There is insufficient memory for the Java Runtime Environment to continue.
# Native memory allocation (malloc) failed to allocate 32744 bytes for ChunkPool::allocate
# Possible reasons:
#   The system is out of physical RAM or swap space
#   In 32 bit mode, the process size limit was hit
# Possible solutions:
#   Reduce memory load on the system
#   Increase physical memory or swap space
#   Check if swap backing store is full
#   Use 64 bit Java on a 64 bit OS
#   Decrease Java heap size (-Xmx/-Xms)
#   Decrease number of Java threads
#   Decrease Java thread stack sizes (-Xss)
#   Set larger code cache with -XX:ReservedCodeCacheSize=
# This output file may be truncated or incomplete.
#
#  Out of Memory Error (allocation.cpp:273), pid=10568, tid=0x0000000000000268
#
# JRE version: Java(TM) SE Runtime Environment (8.0_131-b11) (build 1.8.0_131-b11)
# Java VM: Java HotSpot(TM) 64-Bit Server VM (25.131-b11 mixed mode windows-amd64 compressed oops)
# Failed to write core dump. Minidumps are not enabled by default on client versions of Windows
#

---------------  T H R E A D  ---------------

Current thread (0x0000000017a1c000):  JavaThread "C2 CompilerThread0" daemon [_thread_in_vm, id=616, stack(0x0000000019070000,0x0000000019170000)]

Stack: [0x0000000019070000,0x0000000019170000]
[error occurred during error reporting (printing stack bounds), id 0xc0000005]

Native frames: (J=compiled Java code, j=interpreted, Vv=VM code, C=native code)


---------------  P R O C E S S  ---------------

Java Threads: ( => current thread )
  0x0000000017a28800 JavaThread "C1 CompilerThread2" daemon [_thread_blocked, id=15564, stack(0x0000000019270000,0x0000000019370000)]
  0x0000000017a23800 JavaThread "C2 CompilerThread1" daemon [_thread_blocked, id=14680, stack(0x0000000019170000,0x0000000019270000)]
=>0x0000000017a1c000 JavaThread "C2 CompilerThread0" daemon [_thread_in_vm, id=616, stack(0x0000000019070000,0x0000000019170000)]
  0x0000000017a1a800 JavaThread "Attach Listener" daemon [_thread_blocked, id=7188, stack(0x0000000018f70000,0x0000000019070000)]
  0x0000000017a19000 JavaThread "Signal Dispatcher" daemon [_thread_blocked, id=6868, stack(0x0000000018e70000,0x0000000018f70000)]
  0x0000000017a0a000 JavaThread "Finalizer" daemon [_thread_blocked, id=17164, stack(0x0000000018c80000,0x0000000018d80000)]
  0x0000000002eef000 JavaThread "Reference Handler" daemon [_thread_blocked, id=16580, stack(0x0000000018b80000,0x0000000018c80000)]
  0x0000000002e00800 JavaThread "main" [_thread_in_vm, id=13404, stack(0x0000000002cf0000,0x0000000002df0000)]

Other Threads:
  0x00000000179e7800 VMThread [stack: 0x0000000018a80000,0x0000000018b80000] [id=14388]

VM state:not at safepoint (normal execution)

VM Mutex/Monitor currently owned by a thread:  ([mutex/lock_event])
[0x0000000002dfcdc0] CompileThread_lock - owner thread: 0x0000000017a1c000

Heap:
 PSYoungGen      total 38400K, used 665K [0x00000000d5f80000, 0x00000000d8a00000, 0x0000000100000000)
  eden space 33280K, 2% used [0x00000000d5f80000,0x00000000d6026670,0x00000000d8000000)
  from space 5120K, 0% used [0x00000000d8500000,0x00000000d8500000,0x00000000d8a00000)
  to   space 5120K, 0% used [0x00000000d8000000,0x00000000d8000000,0x00000000d8500000)
 ParOldGen       total 87552K, used 0K [0x0000000081e00000, 0x0000000087380000, 0x00000000d5f80000)
  object space 87552K, 0% used [0x0000000081e00000,0x0000000081e00000,0x0000000087380000)
 Metaspace       used 2014K, capacity 4480K, committed 4480K, reserved 1056768K
  class space    used 228K, capacity 384K, committed 384K, reserved 1048576K

Card table byte_map: [0x00000000122c0000,0x00000000126c0000] byte_map_base: 0x0000000011eb1000

Marking Bits: (ParMarkBitMap*) 0x00000000717ac720
 Begin Bits: [0x0000000012d70000, 0x0000000014cf8000)
 End Bits:   [0x0000000014cf8000, 0x0000000016c80000)

Polling page: 0x00000000013e0000

CodeCache: size=245760Kb used=433Kb max_used=433Kb free=245327Kb
 bounds [0x0000000002f00000, 0x0000000003170000, 0x0000000011f00000]
 total_blobs=160 nmethods=0 adapters=126
 compilation: enabled

Compilation events (0 events):
No events

GC Heap History (0 events):
No events

Deoptimization events (0 events):
No events

Internal exceptions (2 events):
Event: 0.029 Thread 0x0000000002e00800 Exception <a 'java/lang/NoSuchMethodError': Method sun.misc.Unsafe.defineClass(Ljava/lang/String;[BII)Ljava/lang/Class; name or signature does not match> (0x00000000d5f87ca8) thrown at [C:\re\workspace\8-2-build-windows-amd64-cygwin\jdk8u131\8869\hotspot\
Event: 0.030 Thread 0x0000000002e00800 Exception <a 'java/lang/NoSuchMethodError': Method sun.misc.Unsafe.prefetchRead(Ljava/lang/Object;J)V name or signature does not match> (0x00000000d5f87f90) thrown at [C:\re\workspace\8-2-build-windows-amd64-cygwin\jdk8u131\8869\hotspot\src\share\vm\prims

Events (10 events):
Event: 0.106 loading class sun/misc/URLClassPath done
Event: 0.106 loading class sun/net/www/protocol/jar/Handler
Event: 0.106 loading class sun/net/www/protocol/jar/Handler done
Event: 0.106 loading class sun/misc/Launcher$AppClassLoader$1
Event: 0.106 loading class sun/misc/Launcher$AppClassLoader$1 done
Event: 0.107 loading class java/lang/SystemClassLoaderAction
Event: 0.107 loading class java/lang/SystemClassLoaderAction done
Event: 0.107 Thread 0x0000000017a19000 Thread added: 0x0000000017a19000
Event: 0.107 Thread 0x0000000017a1a800 Thread added: 0x0000000017a1a800
Event: 0.108 Thread 0x0000000017a1c000 Thread added: 0x0000000017a1c000


Dynamic libraries:
0x00007ff6de130000 - 0x00007ff6de167000 	C:\Program Files\Java\jre1.8.0_131\bin\javaw.exe
0x00007ffdbeb40000 - 0x00007ffdbed11000 	C:\Windows\SYSTEM32\ntdll.dll
0x00007ffdbc2b0000 - 0x00007ffdbc35c000 	C:\Windows\System32\KERNEL32.DLL
0x00007ffdacae0000 - 0x00007ffdacb13000 	C:\Program Files\AVAST Software\Avast\x64\aswhooka.dll
0x00007ffdbbeb0000 - 0x00007ffdbc0cd000 	C:\Windows\System32\KERNELBASE.dll
0x00007ffdbdfc0000 - 0x00007ffdbe062000 	C:\Windows\System32\ADVAPI32.dll
0x00007ffdbc500000 - 0x00007ffdbc59e000 	C:\Windows\System32\msvcrt.dll
0x00007ffdbc9d0000 - 0x00007ffdbca29000 	C:\Windows\System32\sechost.dll
0x00007ffdbe870000 - 0x00007ffdbe991000 	C:\Windows\System32\RPCRT4.dll
0x00007ffdbe070000 - 0x00007ffdbe1d5000 	C:\Windows\System32\USER32.dll
0x00007ffdbbe90000 - 0x00007ffdbbeae000 	C:\Windows\System32\win32u.dll
0x00007ffdbe9a0000 - 0x00007ffdbe9d4000 	C:\Windows\System32\GDI32.dll
0x00007ffdbb620000 - 0x00007ffdbb7a2000 	C:\Windows\System32\gdi32full.dll
0x00007ffda97c0000 - 0x00007ffda9a3a000 	C:\Windows\WinSxS\amd64_microsoft.windows.common-controls_6595b64144ccf1df_6.0.14393.953_none_42151e83c686086b\COMCTL32.dll
0x00007ffdbe3e0000 - 0x00007ffdbe6a8000 	C:\Windows\System32\combase.dll
0x00007ffdbb030000 - 0x00007ffdbb125000 	C:\Windows\System32\ucrtbase.dll
0x00007ffdbb230000 - 0x00007ffdbb29a000 	C:\Windows\System32\bcryptPrimitives.dll
0x00007ffdbe340000 - 0x00007ffdbe36e000 	C:\Windows\System32\IMM32.DLL
0x0000000070ab0000 - 0x0000000070b82000 	C:\Program Files\Java\jre1.8.0_131\bin\msvcr100.dll
0x0000000070f90000 - 0x000000007182c000 	C:\Program Files\Java\jre1.8.0_131\bin\server\jvm.dll
0x00007ffdbc2a0000 - 0x00007ffdbc2a8000 	C:\Windows\System32\PSAPI.DLL
0x00007ffdace00000 - 0x00007ffdace09000 	C:\Windows\SYSTEM32\WSOCK32.dll
0x00007ffdbe370000 - 0x00007ffdbe3da000 	C:\Windows\System32\WS2_32.dll
0x00007ffdb8cb0000 - 0x00007ffdb8cd3000 	C:\Windows\SYSTEM32\WINMM.dll
0x00007ffdad6e0000 - 0x00007ffdad6ea000 	C:\Windows\SYSTEM32\VERSION.dll
0x00007ffdb8c80000 - 0x00007ffdb8cab000 	C:\Windows\SYSTEM32\WINMMBASE.dll
0x00007ffdbb130000 - 0x00007ffdbb172000 	C:\Windows\System32\cfgmgr32.dll
0x0000000070ea0000 - 0x0000000070eaf000 	C:\Program Files\Java\jre1.8.0_131\bin\verify.dll
0x0000000070e70000 - 0x0000000070e99000 	C:\Program Files\Java\jre1.8.0_131\bin\java.dll
0x0000000070e50000 - 0x0000000070e66000 	C:\Program Files\Java\jre1.8.0_131\bin\zip.dll
0x00007ffdbca50000 - 0x00007ffdbdf58000 	C:\Windows\System32\SHELL32.dll
0x00007ffdbb7b0000 - 0x00007ffdbbe8a000 	C:\Windows\System32\windows.storage.dll
0x00007ffdbafc0000 - 0x00007ffdbb00c000 	C:\Windows\System32\powrprof.dll
0x00007ffdbe750000 - 0x00007ffdbe7a2000 	C:\Windows\System32\shlwapi.dll
0x00007ffdbafb0000 - 0x00007ffdbafbf000 	C:\Windows\System32\kernel.appcore.dll
0x00007ffdbb2a0000 - 0x00007ffdbb349000 	C:\Windows\System32\shcore.dll
0x00007ffdbb010000 - 0x00007ffdbb024000 	C:\Windows\System32\profapi.dll

VM Arguments:
jvm_args: -Dfile.encoding=Cp1252 
java_command: chat_server
java_class_path (initial): C:\Users\MBaszak\workspace11\Chat111\bin
Launcher Type: SUN_STANDARD

Environment Variables:
PATH=C:/Program Files/Java/jre1.8.0_131/bin/server;C:/Program Files/Java/jre1.8.0_131/bin;C:/Program Files/Java/jre1.8.0_131/lib/amd64;C:\ProgramData\Oracle\Java\javapath;C:\Windows\system32;C:\Windows;C:\Windows\System32\Wbem;C:\Windows\System32\WindowsPowerShell\v1.0\;C:\Program Files (x86)\NVIDIA Corporation\PhysX\Common;C:\Program Files\Intel\WiFi\bin\;C:\Program Files\Common Files\Intel\WirelessCommon\;C:\Program Files\Microsoft SQL Server\130\Tools\Binn\;C:\Program Files\dotnet\;C:\Program Files (x86)\GtkSharp\2.12\bin;C:\Users\MBaszak\AppData\Local\Microsoft\WindowsApps;C:\Program Files\Intel\WiFi\bin\;C:\Program Files\Common Files\Intel\WirelessCommon\;C:\Users\MBaszak\Desktop;
USERNAME=MBaszak
OS=Windows_NT
PROCESSOR_IDENTIFIER=Intel64 Family 6 Model 94 Stepping 3, GenuineIntel



---------------  S Y S T E M  ---------------

OS: Windows 10.0 , 64 bit Build 14393 (10.0.14393.1198)

CPU:total 4 (initial active 4) (4 cores per cpu, 1 threads per core) family 6 model 94 stepping 3, cmov, cx8, fxsr, mmx, sse, sse2, sse3, ssse3, sse4.1, sse4.2, popcnt, avx, avx2, aes, clmul, erms, rtm, 3dnowpref, lzcnt, tsc, tscinvbit, bmi1, bmi2, adx

Memory: 4k page, physical 8262468k(2866336k free), swap 33428292k(4048k free)

vm_info: Java HotSpot(TM) 64-Bit Server VM (25.131-b11) for windows-amd64 JRE (1.8.0_131-b11), built on Mar 15 2017 01:23:53 by "java_re" with MS VC++ 10.0 (VS2010)

time: Mon Jun 12 21:03:09 2017
elapsed time: 0 seconds (0d 0h 0m 0s)

